<?xml version="1.0" encoding="UTF-8"?>
<!-- Generated by org.testng.reporters.JUnitXMLReporter -->
<testsuite ignored="0" hostname="DESKTOP-05M0LBI" failures="1" tests="5" name="Test-Runner-Firefox" time="202.629" errors="0" timestamp="2021-08-27T16:25:54 IST">
  <testcase classname="com.vtiger.skipulogo.leadtest1.CreateLeadTest" name="ConverLeadToBySelectingOnlyOrganisation" time="46.489"/>
  <testcase classname="com.vtiger.skipulogo.leadtest1.CreateLeadTest" name="ConvertLeadBySelectingAllChkBxTest" time="33.368"/>
  <testcase classname="com.vtiger.skipulogo.leadtest1.CreateLeadTest" name="ConvertLeadtoOpertunityBySelectingOnlyOpertunityTesst" time="10.196">
    <failure type="java.lang.AssertionError" message="expected [true] but found [false]">
      <![CDATA[java.lang.AssertionError: expected [true] but found [false]
at com.vtiger.skipulogo.leadtest1.CreateLeadTest.ConvertLeadtoOpertunityBySelectingOnlyOpertunityTesst(CreateLeadTest.java:193)
at java.base/java.util.ArrayList.forEach(ArrayList.java:1511)
at java.base/java.util.concurrent.FutureTask.run(FutureTask.java:264)
at java.base/java.util.concurrent.ThreadPoolExecutor.runWorker(ThreadPoolExecutor.java:1130)
at java.base/java.util.concurrent.ThreadPoolExecutor$Worker.run(ThreadPoolExecutor.java:630)
at java.base/java.lang.Thread.run(Thread.java:832)
... Removed 22 stack frames]]>
    </failure>
  </testcase> <!-- ConvertLeadtoOpertunityBySelectingOnlyOpertunityTesst -->
  <testcase classname="com.vtiger.skipulogo.leadtest.ConvertLeadtoOpertunityBySelectingOnlyOpertunityTest" name="ConvertLeadtoOpertunityBySelectingOnlyOpertunityTesst" time="35.593"/>
  <testcase classname="com.vtiger.skipulogo.leadtest.ConvertLeadBySelectingAllChkBx" name="ConvertLeadBySelectingAllChkBx" time="40.406"/>
</testsuite> <!-- Test-Runner-Firefox -->
